2016-04-21 16:19:24 DEBUG MainController:27 - ***Enter in firstPage method
2016-04-21 16:19:29 DEBUG MainController:36 - ***Enter in loginPost method
2016-04-21 16:19:29 DEBUG MainController:39 - ***Query on enter.. Login{login='wer', pass='wer'}
2016-04-21 16:19:30 INFO  MainController:41 - User passed .. user login - wer
2016-04-21 16:19:33 DEBUG MainController:168 - ***Enter in addPost method
2016-04-21 16:19:47 DEBUG MainController:181 - ***Enter in addContactPost method
2016-04-21 16:26:29 DEBUG MainController:27 - ***Enter in firstPage method
2016-04-21 16:26:33 DEBUG MainController:36 - ***Enter in loginPost method
2016-04-21 16:26:33 DEBUG MainController:39 - ***Query on enter.. Login{login='wer', pass='wer'}
2016-04-21 16:26:34 INFO  MainController:41 - User passed .. user login - wer
2016-04-21 16:26:37 DEBUG MainController:168 - ***Enter in addPost method
2016-04-21 16:26:52 DEBUG MainController:181 - ***Enter in addContactPost method
2016-04-21 16:31:02 DEBUG MainController:27 - ***Enter in firstPage method
2016-04-21 16:31:08 DEBUG MainController:36 - ***Enter in loginPost method
2016-04-21 16:31:08 DEBUG MainController:39 - ***Query on enter.. Login{login='wer', pass='wer'}
2016-04-21 16:31:09 DEBUG MainController:36 - ***Enter in loginPost method
2016-04-21 16:31:09 DEBUG MainController:39 - ***Query on enter.. Login{login='wer', pass='wer'}
2016-04-21 16:31:09 INFO  MainController:41 - User passed .. user login - wer
2016-04-21 16:31:09 INFO  MainController:41 - User passed .. user login - wer
2016-04-21 16:31:14 DEBUG MainController:168 - ***Enter in addPost method
2016-04-21 16:31:28 DEBUG MainController:181 - ***Enter in addContactPost method
2016-04-21 16:31:28 DEBUG MainController:187 - ***User : User{firstName='qq', lastName='qq', email='qq', mobileTelephone='qq', homeTelephone='qq', phoneBook=[]}
2016-04-21 16:31:28 DEBUG MainController:188 - ***Want to save : Contact{login='Oleg', firstName='Oleg', lastName='Oleg', email='disposition@ukr.net', mobilePhone='23423', homePhone='23423', userId=User{firstName='qq', lastName='qq', email='qq', mobileTelephone='qq', homeTelephone='qq', phoneBook=[]}}
2016-04-21 16:31:28 ERROR ContactDao:31 - ***Something wrong :javax.persistence.PersistenceException: org.hibernate.PersistentObjectException: detached entity passed to persist: ua.phonebook.model.Contact
2016-04-21 17:03:26 DEBUG MainController:27 - ***Enter in firstPage method
2016-04-21 17:03:31 DEBUG MainController:36 - ***Enter in loginPost method
2016-04-21 17:03:31 DEBUG MainController:39 - ***Query on enter.. Login{login='wer', pass='wer'}
2016-04-21 17:03:31 INFO  MainController:41 - User passed .. user login - wer
2016-04-21 17:03:35 DEBUG MainController:168 - ***Enter in addPost method
2016-04-21 17:03:49 DEBUG MainController:181 - ***Enter in addContactPost method
2016-04-21 17:03:49 DEBUG MainController:184 - ***User : 1
2016-04-21 17:03:49 DEBUG MainController:185 - ***Want to save : Contact{login='Oleg', firstName='Oleg', lastName='Oleg', email='disposition@ukr.net', mobilePhone='23423', homePhone='123', userId=null}
2016-04-21 17:03:49 ERROR ContactDao:35 - ***Something wrong :javax.persistence.PersistenceException: org.hibernate.PersistentObjectException: detached entity passed to persist: ua.phonebook.model.Contact
2016-04-21 17:24:06 DEBUG MainController:27 - ***Enter in firstPage method
2016-04-21 17:24:14 DEBUG MainController:36 - ***Enter in loginPost method
2016-04-21 17:24:14 DEBUG MainController:39 - ***Query on enter.. Login{login='wer', pass='wer'}
2016-04-21 17:24:15 INFO  MainController:41 - User passed .. user login - wer
2016-04-21 17:24:17 DEBUG MainController:107 - ***Enter in editPost method
2016-04-21 17:24:20 DEBUG MainController:97 - ***Enter in userHomePagePost method
2016-04-21 17:24:22 DEBUG MainController:168 - ***Enter in addPost method
2016-04-21 17:24:35 DEBUG MainController:181 - ***Enter in addContactPost method
2016-04-21 17:24:35 DEBUG MainController:184 - ***User : 1
2016-04-21 17:24:35 DEBUG MainController:185 - ***Want to save : Contact{login='Oleg', firstName='Oleg', lastName='Oleg', email='disposition@ukr.net', mobilePhone='23423', homePhone='23423', userId=null}
2016-04-21 17:24:35 ERROR ContactDao:37 - ***Something wrong :javax.persistence.PersistenceException: org.hibernate.PersistentObjectException: detached entity passed to persist: ua.phonebook.model.Contact
2016-04-21 17:31:25 DEBUG MainController:27 - ***Enter in firstPage method
2016-04-21 17:31:29 DEBUG MainController:36 - ***Enter in loginPost method
2016-04-21 17:31:29 DEBUG MainController:39 - ***Query on enter.. Login{login='wer', pass='wer'}
2016-04-21 17:31:30 INFO  MainController:41 - User passed .. user login - wer
2016-04-21 17:31:33 DEBUG MainController:168 - ***Enter in addPost method
2016-04-21 17:31:55 DEBUG MainController:181 - ***Enter in addContactPost method
2016-04-21 17:31:55 DEBUG MainController:184 - ***User : 1
2016-04-21 17:31:55 DEBUG MainController:185 - ***Want to save : Contact{login='Oleg', firstName='Oleg', lastName='Oleg', email='disposition@ukr.net', mobilePhone='23423', homePhone='23423', userId=null}
2016-04-21 17:31:55 ERROR ContactDao:46 - ***Something wrong :javax.persistence.PersistenceException: org.hibernate.PersistentObjectException: detached entity passed to persist: ua.phonebook.model.Contact
2016-04-21 17:39:17 DEBUG MainController:27 - ***Enter in firstPage method
2016-04-21 17:39:22 DEBUG MainController:36 - ***Enter in loginPost method
2016-04-21 17:39:22 DEBUG MainController:39 - ***Query on enter.. Login{login='wer', pass='wer'}
2016-04-21 17:39:23 INFO  MainController:41 - User passed .. user login - wer
2016-04-21 17:39:26 DEBUG MainController:168 - ***Enter in addPost method
2016-04-21 17:39:41 DEBUG MainController:181 - ***Enter in addContactPost method
2016-04-21 17:39:41 DEBUG MainController:184 - ***User : 1
2016-04-21 17:39:41 DEBUG MainController:185 - ***Want to save : Contact{login='Oleg', firstName='Oleg', lastName='Oleg', email='disposition@ukr.net', mobilePhone='23423', homePhone='23423', userId=null}
2016-04-21 17:39:41 ERROR ContactDao:48 - ***Something wrong :javax.persistence.PersistenceException: org.hibernate.PersistentObjectException: detached entity passed to persist: ua.phonebook.model.Contact
2016-04-21 18:09:03 DEBUG MainController:27 - ***Enter in firstPage method
2016-04-21 18:09:10 DEBUG MainController:36 - ***Enter in loginPost method
2016-04-21 18:09:10 DEBUG MainController:39 - ***Query on enter.. Login{login='wer', pass='wer'}
2016-04-21 18:09:11 INFO  MainController:41 - User passed .. user login - wer
2016-04-21 18:09:17 DEBUG MainController:168 - ***Enter in addPost method
2016-04-21 18:09:45 DEBUG MainController:181 - ***Enter in addContactPost method
2016-04-21 18:09:45 DEBUG MainController:190 - ***User : 1
2016-04-21 18:09:45 DEBUG MainController:193 - ***Want to save : Contact{login='Oleg', firstName='Oleg', lastName='Oleg', email='disposition@ukr.net', mobilePhone='23423', homePhone='23423', userId=null}
2016-04-21 18:15:49 DEBUG MainController:27 - ***Enter in firstPage method
2016-04-21 18:15:54 DEBUG MainController:36 - ***Enter in loginPost method
2016-04-21 18:15:54 DEBUG MainController:39 - ***Query on enter.. Login{login='wer', pass='wer'}
2016-04-21 18:15:55 INFO  MainController:41 - User passed .. user login - wer
2016-04-21 18:16:00 DEBUG MainController:168 - ***Enter in addPost method
2016-04-21 18:16:12 DEBUG MainController:181 - ***Enter in addContactPost method
2016-04-21 18:16:12 DEBUG MainController:190 - ***User : 1
2016-04-21 18:16:12 DEBUG MainController:193 - ***Want to save : Contact{login='Oleg', firstName='Oleg', lastName='Oleg', email='disposition@ukr.net', mobilePhone='23423', homePhone='23423', userId=null}
2016-04-21 18:16:12 INFO  ContactService:47 - ***New contact has been saved
2016-04-21 18:16:12 INFO  MainController:196 - ***New contact was saved
2016-04-21 18:17:33 DEBUG MainController:121 - ***Enter in contactsPost method
2016-04-21 18:29:59 DEBUG MainController:27 - ***Enter in firstPage method
2016-04-21 18:30:15 DEBUG MainController:36 - ***Enter in loginPost method
2016-04-21 18:30:15 DEBUG MainController:39 - ***Query on enter.. Login{login='wer', pass='wer'}
2016-04-21 18:30:16 INFO  MainController:41 - User passed .. user login - wer
2016-04-21 18:30:31 DEBUG MainController:168 - ***Enter in addPost method
2016-04-21 18:30:52 DEBUG MainController:181 - ***Enter in addContactPost method
2016-04-21 18:30:52 DEBUG MainController:189 - ***User : 1
2016-04-21 18:30:52 DEBUG MainController:190 - ***Want to save : Contact{login='asdsdsfd', firstName='fsdfsds', lastName='sdsdfdsf', email='sdfdfs', mobilePhone='4535', homePhone='3535', userId=null}
2016-04-21 18:30:52 INFO  ContactService:47 - ***New contact has been saved
2016-04-21 18:30:52 INFO  MainController:193 - ***New contact was saved
2016-04-21 18:30:54 DEBUG MainController:121 - ***Enter in contactsPost method
2016-04-21 18:42:14 DEBUG MainController:121 - ***Enter in contactsPost method
2016-04-21 18:42:23 DEBUG MainController:27 - ***Enter in firstPage method
2016-04-21 18:42:26 DEBUG MainController:36 - ***Enter in loginPost method
2016-04-21 18:42:26 DEBUG MainController:39 - ***Query on enter.. Login{login='wer', pass='wer'}
2016-04-21 18:42:27 INFO  MainController:41 - User passed .. user login - wer
2016-04-21 18:42:30 DEBUG MainController:121 - ***Enter in contactsPost method
2016-04-21 18:44:52 DEBUG MainController:27 - ***Enter in firstPage method
2016-04-21 18:44:58 DEBUG MainController:36 - ***Enter in loginPost method
2016-04-21 18:44:58 DEBUG MainController:39 - ***Query on enter.. Login{login='wer', pass='wer'}
2016-04-21 18:44:59 INFO  MainController:41 - User passed .. user login - wer
2016-04-21 18:45:01 DEBUG MainController:121 - ***Enter in contactsPost method
2016-04-21 18:57:49 DEBUG MainController:121 - ***Enter in contactsPost method
2016-04-21 19:00:16 DEBUG MainController:27 - ***Enter in firstPage method
2016-04-21 19:00:20 DEBUG MainController:36 - ***Enter in loginPost method
2016-04-21 19:00:20 DEBUG MainController:39 - ***Query on enter.. Login{login='wer', pass='wer'}
2016-04-21 19:00:21 INFO  MainController:41 - User passed .. user login - wer
2016-04-21 19:00:24 DEBUG MainController:121 - ***Enter in contactsPost method
2016-04-21 19:17:28 DEBUG MainController:27 - ***Enter in firstPage method
2016-04-21 19:17:33 DEBUG MainController:66 - ***Enter in registrationGet method
2016-04-21 19:17:36 DEBUG MainController:27 - ***Enter in firstPage method
2016-04-21 19:17:38 DEBUG MainController:36 - ***Enter in loginPost method
2016-04-21 19:17:38 DEBUG MainController:39 - ***Query on enter.. Login{login='wer', pass='wer'}
2016-04-21 19:17:39 INFO  MainController:41 - User passed .. user login - wer
2016-04-21 19:17:43 DEBUG MainController:121 - ***Enter in contactsPost method
2016-04-21 19:18:50 DEBUG MainController:97 - ***Enter in userHomePagePost method
2016-04-21 19:18:52 DEBUG MainController:121 - ***Enter in contactsPost method
2016-04-21 19:18:54 DEBUG MainController:97 - ***Enter in userHomePagePost method
2016-04-21 19:18:57 DEBUG MainController:121 - ***Enter in contactsPost method
2016-04-21 19:19:17 DEBUG MainController:107 - ***Enter in editPost method
2016-04-21 19:19:22 DEBUG MainController:97 - ***Enter in userHomePagePost method
2016-04-21 19:19:31 DEBUG MainController:121 - ***Enter in contactsPost method
2016-04-21 19:19:40 DEBUG MainController:155 - ***Enter in deletePost method
2016-04-21 19:19:43 DEBUG MainController:121 - ***Enter in contactsPost method
2016-04-21 19:19:46 DEBUG MainController:155 - ***Enter in deletePost method
2016-04-21 19:19:47 DEBUG MainController:121 - ***Enter in contactsPost method
2016-04-21 19:19:49 DEBUG MainController:155 - ***Enter in deletePost method
2016-04-21 19:19:50 DEBUG MainController:121 - ***Enter in contactsPost method
2016-04-21 19:19:54 DEBUG MainController:97 - ***Enter in userHomePagePost method
2016-04-21 19:19:56 DEBUG MainController:121 - ***Enter in contactsPost method
2016-04-21 19:41:30 DEBUG MainController:27 - ***Enter in firstPage method
2016-04-21 19:41:41 DEBUG MainController:36 - ***Enter in loginPost method
2016-04-21 19:41:41 DEBUG MainController:39 - ***Query on enter.. Login{login='wer', pass='wer'}
2016-04-21 19:41:42 INFO  MainController:41 - User passed .. user login - wer
2016-04-21 19:41:45 DEBUG MainController:121 - ***Enter in contactsPost method
2016-04-21 19:41:45 DEBUG MainController:121 - ***Enter in contactsPost method
2016-04-21 19:41:49 DEBUG MainController:107 - ***Enter in editPost method
2016-04-21 19:42:34 DEBUG MainController:133 - ***Enter in editUserPost method
2016-04-21 19:42:34 DEBUG MainController:135 - ***Received Contact{login='Karlson', firstName='Dima', lastName='Shevchuk', email='dima@ukr.net', mobilePhone='235235', homePhone='23523535', userId=null}
2016-04-21 19:42:35 DEBUG ContactService:27 - ***First Name was changed
2016-04-21 19:42:35 DEBUG ContactService:29 - ***Last Name was changed
2016-04-21 19:42:35 DEBUG ContactService:31 - ***Email was changed
2016-04-21 19:42:35 DEBUG ContactService:33 - ***Mobile Phone was changed
2016-04-21 19:42:35 DEBUG ContactService:35 - ***Home Phone was changed
2016-04-21 19:42:35 DEBUG ContactService:37 - ***Profile has already changed
2016-04-21 19:42:35 DEBUG MainController:142 - ***Contact was changed
2016-04-21 19:42:37 DEBUG MainController:121 - ***Enter in contactsPost method
2016-04-21 19:43:13 DEBUG MainController:97 - ***Enter in userHomePagePost method
2016-04-21 19:43:19 DEBUG MainController:27 - ***Enter in firstPage method
2016-04-21 19:43:22 DEBUG MainController:36 - ***Enter in loginPost method
2016-04-21 19:43:22 DEBUG MainController:39 - ***Query on enter.. Login{login='wer', pass='wer'}
2016-04-21 19:43:22 INFO  MainController:41 - User passed .. user login - wer
2016-04-21 19:43:24 DEBUG MainController:121 - ***Enter in contactsPost method
2016-04-21 19:55:51 DEBUG MainController:121 - ***Enter in contactsPost method
2016-04-21 19:55:54 DEBUG MainController:97 - ***Enter in userHomePagePost method
2016-04-21 19:56:08 DEBUG MainController:27 - ***Enter in firstPage method
2016-04-21 19:56:10 DEBUG MainController:36 - ***Enter in loginPost method
2016-04-21 19:56:10 DEBUG MainController:39 - ***Query on enter.. Login{login='wer', pass='wer'}
2016-04-21 19:56:10 INFO  MainController:41 - User passed .. user login - wer
2016-04-21 19:56:11 DEBUG MainController:121 - ***Enter in contactsPost method
2016-04-21 20:08:12 DEBUG MainController:27 - ***Enter in firstPage method
2016-04-21 20:08:17 DEBUG MainController:36 - ***Enter in loginPost method
2016-04-21 20:08:17 DEBUG MainController:39 - ***Query on enter.. Login{login='wer', pass='wer'}
2016-04-21 20:08:18 INFO  MainController:41 - User passed .. user login - wer
2016-04-21 20:08:22 DEBUG MainController:121 - ***Enter in contactsPost method
2016-04-21 20:08:27 DEBUG MainController:107 - ***Enter in editPost method
2016-04-21 20:08:49 DEBUG MainController:133 - ***Enter in editUserPost method
2016-04-21 20:08:49 DEBUG MainController:135 - ***Received Contact{login='xxxxxxxxxx', firstName='xxxxxxxxxx', lastName='xxxxxx', email='xxxxxx', mobilePhone='0000', homePhone='0000', userId=null}
2016-04-21 20:08:49 DEBUG ContactService:27 - ***First Name was changed
2016-04-21 20:08:49 DEBUG ContactService:29 - ***Last Name was changed
2016-04-21 20:08:49 DEBUG ContactService:31 - ***Email was changed
2016-04-21 20:08:49 DEBUG ContactService:33 - ***Mobile Phone was changed
2016-04-21 20:08:49 DEBUG ContactService:35 - ***Home Phone was changed
2016-04-21 20:08:49 DEBUG ContactService:37 - ***Profile has already changed
2016-04-21 20:12:07 DEBUG MainController:27 - ***Enter in firstPage method
2016-04-21 20:12:10 DEBUG MainController:36 - ***Enter in loginPost method
2016-04-21 20:12:10 DEBUG MainController:39 - ***Query on enter.. Login{login='wer', pass='wer'}
2016-04-21 20:12:10 INFO  MainController:41 - User passed .. user login - wer
2016-04-21 20:12:11 DEBUG MainController:107 - ***Enter in editPost method
2016-04-21 20:12:58 DEBUG MainController:133 - ***Enter in editUserPost method
2016-04-21 20:12:58 DEBUG MainController:135 - ***Received Contact{login='wer', firstName='wer', lastName='wer', email='wer', mobilePhone='wer', homePhone='wer', userId=null}
2016-04-21 20:12:58 DEBUG UserService:88 - ***First Name was changed
2016-04-21 20:12:58 DEBUG UserService:90 - ***Last Name was changed
2016-04-21 20:12:59 DEBUG UserService:92 - ***Email was changed
2016-04-21 20:12:59 DEBUG UserService:94 - ***Mobile Phone was changed
2016-04-21 20:12:59 DEBUG UserService:96 - ***Home Phone was changed
2016-04-21 20:12:59 DEBUG UserService:99 - ***Pass was changed
2016-04-21 20:12:59 DEBUG UserService:101 - ***Profile has already changed
2016-04-21 20:15:53 DEBUG MainController:27 - ***Enter in firstPage method
2016-04-21 20:15:59 DEBUG MainController:36 - ***Enter in loginPost method
2016-04-21 20:15:59 DEBUG MainController:39 - ***Query on enter.. Login{login='wer', pass='wer'}
2016-04-21 20:16:00 INFO  MainController:41 - User passed .. user login - wer
2016-04-21 20:16:07 DEBUG MainController:107 - ***Enter in editPost method
2016-04-21 20:16:44 DEBUG MainController:133 - ***Enter in editUserPost method
2016-04-21 20:16:44 DEBUG MainController:135 - ***Received Contact{login='wer', firstName='rew', lastName='rew', email='rew', mobilePhone='rew', homePhone='rew', userId=null}
2016-04-21 20:16:45 DEBUG UserService:88 - ***First Name was changed
2016-04-21 20:16:45 DEBUG UserService:90 - ***Last Name was changed
2016-04-21 20:16:45 DEBUG UserService:92 - ***Email was changed
2016-04-21 20:16:45 DEBUG UserService:94 - ***Mobile Phone was changed
2016-04-21 20:16:45 DEBUG UserService:96 - ***Home Phone was changed
2016-04-21 20:16:46 DEBUG UserService:99 - ***Pass was changed
2016-04-21 20:16:46 DEBUG UserService:101 - ***Profile has already changed
2016-04-21 20:16:46 INFO  MainController:139 - ***User profile was changed
2016-04-21 20:16:55 DEBUG MainController:121 - ***Enter in contactsPost method
2016-04-21 20:16:57 DEBUG MainController:107 - ***Enter in editPost method
2016-04-21 20:17:12 DEBUG MainController:133 - ***Enter in editUserPost method
2016-04-21 20:17:12 DEBUG MainController:135 - ***Received Contact{login='qq', firstName='qq', lastName='qq', email='qq', mobilePhone='qq', homePhone='qq', userId=null}
2016-04-21 20:17:12 DEBUG ContactService:27 - ***First Name was changed
2016-04-21 20:17:12 DEBUG ContactService:29 - ***Last Name was changed
2016-04-21 20:17:12 DEBUG ContactService:31 - ***Email was changed
2016-04-21 20:17:12 DEBUG ContactService:33 - ***Mobile Phone was changed
2016-04-21 20:17:12 DEBUG ContactService:35 - ***Home Phone was changed
2016-04-21 20:17:12 DEBUG ContactService:37 - ***Profile has already changed
2016-04-21 20:17:12 INFO  MainController:142 - ***Contact was changed
2016-04-21 20:17:14 DEBUG MainController:121 - ***Enter in contactsPost method
2016-04-21 20:21:35 DEBUG MainController:121 - ***Enter in contactsPost method
2016-04-21 20:21:52 DEBUG MainController:107 - ***Enter in editPost method
2016-04-21 20:22:12 DEBUG MainController:133 - ***Enter in editUserPost method
2016-04-21 20:22:12 DEBUG MainController:135 - ***Received Contact{login='qqqqq', firstName='qqqqq', lastName='qqqqq', email='qqqqq', mobilePhone='qqqqq', homePhone='qqqqq', userId=null}
2016-04-21 20:22:13 DEBUG ContactService:27 - ***First Name was changed
2016-04-21 20:22:13 DEBUG ContactService:29 - ***Last Name was changed
2016-04-21 20:22:13 DEBUG ContactService:31 - ***Email was changed
2016-04-21 20:22:13 DEBUG ContactService:33 - ***Mobile Phone was changed
2016-04-21 20:22:13 DEBUG ContactService:35 - ***Home Phone was changed
2016-04-21 20:22:13 DEBUG ContactService:37 - ***Profile has already changed
2016-04-21 20:22:13 INFO  MainController:142 - ***Contact was changed
2016-04-21 20:22:26 DEBUG MainController:121 - ***Enter in contactsPost method
2016-04-21 20:33:02 DEBUG MainController:27 - ***Enter in firstPage method
2016-04-21 20:33:08 DEBUG MainController:36 - ***Enter in loginPost method
2016-04-21 20:33:08 DEBUG MainController:39 - ***Query on enter.. Login{login='wer', pass='wer'}
2016-04-21 20:33:09 INFO  MainController:41 - User passed .. user login - wer
2016-04-21 20:33:14 DEBUG MainController:121 - ***Enter in contactsPost method
2016-04-21 20:33:21 DEBUG MainController:107 - ***Enter in editPost method
2016-04-21 20:33:34 DEBUG MainController:133 - ***Enter in editUserPost method
2016-04-21 20:33:34 DEBUG MainController:135 - ***Received Contact{login='dddd', firstName='dddddd', lastName='ddddd', email='dddd', mobilePhone='ddddd', homePhone='ddddd', userId=null}
2016-04-21 20:33:35 DEBUG ContactService:27 - ***Login was changed
2016-04-21 20:33:35 DEBUG ContactService:29 - ***First Name was changed
2016-04-21 20:33:35 DEBUG ContactService:31 - ***Last Name was changed
2016-04-21 20:33:35 DEBUG ContactService:33 - ***Email was changed
2016-04-21 20:33:36 DEBUG ContactService:35 - ***Mobile Phone was changed
2016-04-21 20:33:36 DEBUG ContactService:37 - ***Home Phone was changed
2016-04-21 20:33:36 DEBUG ContactService:39 - ***Profile has already changed
2016-04-21 20:33:36 INFO  MainController:142 - ***Contact was changed
2016-04-21 20:33:39 DEBUG MainController:121 - ***Enter in contactsPost method
2016-04-21 20:33:45 DEBUG MainController:97 - ***Enter in userHomePagePost method
2016-04-21 20:33:47 DEBUG MainController:27 - ***Enter in firstPage method
